Vivado Simulator 2019.1
Copyright 1986-1999, 2001-2019 Xilinx, Inc. All Rights Reserved.
Running: /home/spixy/XILINX/Vivado/2019.1/bin/unwrapped/lnx64.o/xelab -wto 9d562179ba7b4c56807760a9f2f140a4 --incr --debug typical --relax --mt 8 -L xil_defaultlib -L secureip --snapshot cora_wrapper_behav xil_defaultlib.cora_wrapper -log elaborate.log 
Using 8 slave threads.
Starting static elaboration
Completed static elaboration
Starting simulation data flow analysis
Completed simulation data flow analysis
Time Resolution for simulation is 1ps
Compiling package std.standard
Compiling package std.textio
Compiling package ieee.std_logic_1164
Compiling package ieee.numeric_std
Compiling package xil_defaultlib.common
Compiling package ieee.std_logic_arith
Compiling package ieee.std_logic_unsigned
Compiling architecture logic of entity xil_defaultlib.i2c_master [\i2c_master(input_clk=125000000,...]
Compiling architecture behavioral of entity xil_defaultlib.i2c_user_lcd [i2c_user_lcd_default]
Compiling architecture behavioral of entity xil_defaultlib.cora_wrapper
Built simulation snapshot cora_wrapper_behav
