#
# An unexpected error has occurred (11)
#
Stack:
/home/spixy/XILINX/Vivado/2019.1/tps/lnx64/jre9.0.4/lib//server/libjvm.so(+0xb6aadb) [0x7fc4ba243adb]
/home/spixy/XILINX/Vivado/2019.1/tps/lnx64/jre9.0.4/lib//server/libjvm.so(JVM_handle_linux_signal+0xbb) [0x7fc4ba248e1b]
/home/spixy/XILINX/Vivado/2019.1/tps/lnx64/jre9.0.4/lib//server/libjvm.so(+0xb647b8) [0x7fc4ba23d7b8]
/lib64/libc.so.6(+0x42750) [0x7fc50db6c750]
/home/spixy/XILINX/Vivado/2019.1/lib/lnx64.o/librdi_simbridge_kernel.so(SimBridge::CArray::empty() const+0) [0x7fc4c006a7b0]
/home/spixy/XILINX/Vivado/2019.1/lib/lnx64.o/librdi_simbridge_kernel.so(SimBridge::WdbEventBlock::addBlock(SimBridge::WdbIBlockManager&, unsigned int&) const+0x1e) [0x7fc4c006ae8e]
/home/spixy/XILINX/Vivado/2019.1/lib/lnx64.o/librdi_simbridge_kernel.so(SimBridge::WdbMultipleBucketEventDatabase::getEventBlockDatabaseIterator(std::vector<SimBridge::WdbScalarBTree*, std::allocator<SimBridge::WdbScalarBTree*> > const&, std::vector<boost::shared_ptr<SimBridge::WdbIEventBlockIterator>, std::allocator<boost::shared_ptr<SimBridge::WdbIEventBlockIterator> > >&, std::vector<std::vector<SimBridge::WdbScalarBTree*, std::allocator<SimBridge::WdbScalarBTree*> >, std::allocator<std::vector<SimBridge::WdbScalarBTree*, std::allocator<SimBridge::WdbScalarBTree*> > > >&) const+0x691) [0x7fc4c0084391]
/home/spixy/XILINX/Vivado/2019.1/lib/lnx64.o/librdi_simbridge_kernel.so(SimBridge::WdbAddressBTreeManager::scanWdbDatabaseMultiThread(std::vector<SimBridge::WdbScalarBTree*, std::allocator<SimBridge::WdbScalarBTree*> > const&, ISIM::IGuiStatus*)+0xc4) [0x7fc4c0061e14]
/home/spixy/XILINX/Vivado/2019.1/lib/lnx64.o/librdi_wavedata.so(SimBridge::DataObjMgr::createDrawingBTree(std::vector<SimBridge::IDataObj const*, std::allocator<SimBridge::IDataObj const*> > const&, ISIM::IGuiStatus*, bool)+0x32a) [0x7fc4c8eff23a]
/home/spixy/XILINX/Vivado/2019.1/lib/lnx64.o/librdi_wavedata.so(+0x2d9342) [0x7fc4c8fb9342]
/home/spixy/XILINX/Vivado/2019.1/lib/lnx64.o/librdi_wavedata.so(+0x2d95ec) [0x7fc4c8fb95ec]
/home/spixy/XILINX/Vivado/2019.1/lib/lnx64.o/librdi_wavedata.so(SG_Model::ModelImp::updateData(SG_Model::WVDataObject*, bool)+0x30f) [0x7fc4c8fb365f]
/home/spixy/XILINX/Vivado/2019.1/lib/lnx64.o/librdi_wavedata.so(SG_Model::ModelImp::updateData(SG_Model::WVDataObject*, bool)+0x18f) [0x7fc4c8fb34df]
/home/spixy/XILINX/Vivado/2019.1/lib/lnx64.o/librdi_wavedata.so(SG_Model::ModelImp::updateData()+0x96b) [0x7fc4c8fb434b]
/home/spixy/XILINX/Vivado/2019.1/lib/lnx64.o/librdi_wavedata.so(SG_Model::Model::read(std::__cxx11::basic_string<char, std::char_traits<char>, std::allocator<char> > const&, SG_Model::IReporter&, ISIM::IGuiStatus*)+0x20d) [0x7fc4c8fb5b2d]
/home/spixy/XILINX/Vivado/2019.1/lib/lnx64.o/librdi_wavedata.so(WVDAppInterface::WVDWindowManager::openWcfg(std::__cxx11::basic_string<char, std::char_traits<char>, std::allocator<char> > const&, SG_Model::IDesignManager::ConnectMode, ISIM::IGuiStatus*)+0x143) [0x7fc4c8e82e73]
/home/spixy/XILINX/Vivado/2019.1/lib/lnx64.o/librdi_wavedatatasks.so(+0xa30d3) [0x7fc4818c80d3]
/home/spixy/XILINX/Vivado/2019.1/lib/lnx64.o/librdi_common.so(+0x8068e2) [0x7fc50ecf58e2]
/home/spixy/XILINX/Vivado/2019.1/lib/lnx64.o/libtcl8.5.so(+0x334af) [0x7fc5096964af]
/home/spixy/XILINX/Vivado/2019.1/lib/lnx64.o/libtcl8.5.so(Tcl_EvalObjv+0x32) [0x7fc5096965e2]
/home/spixy/XILINX/Vivado/2019.1/lib/lnx64.o/libtcl8.5.so(TclEvalObjEx+0x322) [0x7fc509698402]
/home/spixy/XILINX/Vivado/2019.1/lib/lnx64.o/librdi_common.so(hdi::tcltasks::task_manager::eval_in_tcl(Tcl_Interp*, Tcl_Obj*, char const*, bool)+0xab9) [0x7fc50ecf7719]
/home/spixy/XILINX/Vivado/2019.1/lib/lnx64.o/librdi_simtcltasks.so(+0x13b572) [0x7fc474916572]
/home/spixy/XILINX/Vivado/2019.1/lib/lnx64.o/librdi_common.so(+0x8068e2) [0x7fc50ecf58e2]
/home/spixy/XILINX/Vivado/2019.1/lib/lnx64.o/libtcl8.5.so(+0x334af) [0x7fc5096964af]
/home/spixy/XILINX/Vivado/2019.1/lib/lnx64.o/libtcl8.5.so(+0x34b38) [0x7fc509697b38]
/home/spixy/XILINX/Vivado/2019.1/lib/lnx64.o/libtcl8.5.so(Tcl_EvalEx+0x13) [0x7fc5096980a3]
/home/spixy/XILINX/Vivado/2019.1/lib/lnx64.o/libtcl8.5.so(TclEvalObjEx+0x1e0) [0x7fc5096982c0]
/home/spixy/XILINX/Vivado/2019.1/lib/lnx64.o/libtcl8.5.so(+0x3b375) [0x7fc50969e375]
/home/spixy/XILINX/Vivado/2019.1/lib/lnx64.o/libtcl8.5.so(+0x334af) [0x7fc5096964af]
/home/spixy/XILINX/Vivado/2019.1/lib/lnx64.o/libtcl8.5.so(+0x76875) [0x7fc5096d9875]
/home/spixy/XILINX/Vivado/2019.1/lib/lnx64.o/libtcl8.5.so(+0x7e029) [0x7fc5096e1029]
/home/spixy/XILINX/Vivado/2019.1/lib/lnx64.o/libtcl8.5.so(TclEvalObjEx+0x76) [0x7fc509698156]
/home/spixy/XILINX/Vivado/2019.1/lib/lnx64.o/librdi_commontasks.so(+0x1ebcc4) [0x7fc4f72d5cc4]
/home/spixy/XILINX/Vivado/2019.1/lib/lnx64.o/libtcl8.5.so(+0x334af) [0x7fc5096964af]
/home/spixy/XILINX/Vivado/2019.1/lib/lnx64.o/libtcl8.5.so(+0x76875) [0x7fc5096d9875]
/home/spixy/XILINX/Vivado/2019.1/lib/lnx64.o/libtcl8.5.so(TclObjInterpProcCore+0x420) [0x7fc50971adf0]
/home/spixy/XILINX/Vivado/2019.1/lib/lnx64.o/libtcl8.5.so(+0x334af) [0x7fc5096964af]
/home/spixy/XILINX/Vivado/2019.1/lib/lnx64.o/libtcl8.5.so(Tcl_EvalObjv+0x32) [0x7fc5096965e2]
/home/spixy/XILINX/Vivado/2019.1/lib/lnx64.o/libtcl8.5.so(TclEvalObjEx+0x322) [0x7fc509698402]
/home/spixy/XILINX/Vivado/2019.1/lib/lnx64.o/librdi_tcltasks.so(SimUtils::detail::execStep(Tcl_Interp*, std::__cxx11::basic_ostringstream<char, std::char_traits<char>, std::allocator<char> >&, std::__cxx11::basic_string<char, std::char_traits<char>, std::allocator<char> > const&, std::__cxx11::basic_string<char, std::char_traits<char>, std::allocator<char> >&, bool&)+0x9b) [0x7fc4f50c9a6b]
/home/spixy/XILINX/Vivado/2019.1/lib/lnx64.o/librdi_tcltasks.so(SimUtils::detail::execSimStep(Tcl_Interp*, std::__cxx11::basic_ostringstream<char, std::char_traits<char>, std::allocator<char> >&, HAPUFSimulator*, HAPUFSimulator::TclProc, std::__cxx11::basic_string<char, std::char_traits<char>, std::allocator<char> > const&, bool, HADAFileSet*, std::__cxx11::basic_string<char, std::char_traits<char>, std::allocator<char> > const&, HAPUFSimulator::SimulationStep, HDGUIStatus*)+0x63) [0x7fc4f50cc903]
/home/spixy/XILINX/Vivado/2019.1/lib/lnx64.o/librdi_tcltasks.so(HTCSimUtils::executeStep(Tcl_Interp*, HADAFileSet*, HADAFileSet*, HAPUFSimulator*, HDGUIStatus*, std::__cxx11::basic_string<char, std::char_traits<char>, std::allocator<char> > const&, std::__cxx11::basic_string<char, std::char_traits<char>, std::allocator<char> > const&, std::__cxx11::basic_string<char, std::char_traits<char>, std::allocator<char> > const&, bool, bool, bool, std::__cxx11::basic_ostringstream<char, std::char_traits<char>, std::allocator<char> >&)+0x4bb) [0x7fc4f50cd8eb]
/home/spixy/XILINX/Vivado/2019.1/lib/lnx64.o/librdi_tcltasks.so(+0x1694ba2) [0x7fc4f5078ba2]
/home/spixy/XILINX/Vivado/2019.1/lib/lnx64.o/librdi_common.so(+0x8068e2) [0x7fc50ecf58e2]
/home/spixy/XILINX/Vivado/2019.1/lib/lnx64.o/libtcl8.5.so(+0x334af) [0x7fc5096964af]
/home/spixy/XILINX/Vivado/2019.1/lib/lnx64.o/libtcl8.5.so(+0x76875) [0x7fc5096d9875]
/home/spixy/XILINX/Vivado/2019.1/lib/lnx64.o/libtcl8.5.so(+0x7e029) [0x7fc5096e1029]
/home/spixy/XILINX/Vivado/2019.1/lib/lnx64.o/libtcl8.5.so(TclEvalObjEx+0x76) [0x7fc509698156]
/home/spixy/XILINX/Vivado/2019.1/lib/lnx64.o/librdi_common.so(+0x804df1) [0x7fc50ecf3df1]
/home/spixy/XILINX/Vivado/2019.1/lib/lnx64.o/libtcl8.5.so(Tcl_ServiceEvent+0x7f) [0x7fc50970ab0f]
/home/spixy/XILINX/Vivado/2019.1/lib/lnx64.o/libtcl8.5.so(Tcl_DoOneEvent+0x154) [0x7fc50970ae44]
/home/spixy/XILINX/Vivado/2019.1/lib/lnx64.o/librdi_commontasks.so(+0x231625) [0x7fc4f731b625]
/home/spixy/XILINX/Vivado/2019.1/lib/lnx64.o/librdi_commontasks.so(+0x23b163) [0x7fc4f7325163]
/home/spixy/XILINX/Vivado/2019.1/lib/lnx64.o/librdi_commontasks.so(+0x23c1fe) [0x7fc4f73261fe]
/home/spixy/XILINX/Vivado/2019.1/lib/lnx64.o/librdi_common.so(+0x8068e2) [0x7fc50ecf58e2]
/home/spixy/XILINX/Vivado/2019.1/lib/lnx64.o/libtcl8.5.so(+0x334af) [0x7fc5096964af]
/home/spixy/XILINX/Vivado/2019.1/lib/lnx64.o/libtcl8.5.so(+0x76875) [0x7fc5096d9875]
/home/spixy/XILINX/Vivado/2019.1/lib/lnx64.o/libtcl8.5.so(+0x7e029) [0x7fc5096e1029]
/home/spixy/XILINX/Vivado/2019.1/lib/lnx64.o/libtcl8.5.so(TclEvalObjEx+0x76) [0x7fc509698156]
/home/spixy/XILINX/Vivado/2019.1/lib/lnx64.o/librdi_commonmain.so(+0x7424) [0x7fc50e2eb424]
/home/spixy/XILINX/Vivado/2019.1/lib/lnx64.o/libtcl8.5.so(Tcl_Main+0x1d0) [0x7fc509703210]
/home/spixy/XILINX/Vivado/2019.1/lib/lnx64.o/librdi_common.so(+0x84ac9b) [0x7fc50ed39c9b]
/lib64/libc.so.6(+0x8db1a) [0x7fc50dbb7b1a]
/lib64/libc.so.6(+0x112650) [0x7fc50dc3c650]
